"Start of log file."
"C:/Users/Matthew/Desktop/KATTH-~1/KO_UNI~1/Assets/Scenes/MATT-H~1/MATT-H~1/Assets/Art-01/Assets/Models/Crate001.max"
"Starting max loading and fbx conversion"
window = undefined
"Settings units"
"Before fbx export"
"After fbx export"
"Finished max loading and fbx conversion"
"C:/Users/Matthew/Desktop/KATTH-~1/KO_UNI~1/Assets/Scenes/MATT-H~1/MATT-H~1/Assets/Art-01/Assets/Models/Gear003.max"
"Starting max loading and fbx conversion"
window = undefined
"Settings units"
"Before fbx export"
"After fbx export"
"Finished max loading and fbx conversion"
"C:/Users/Matthew/Desktop/KATTH-~1/KO_UNI~1/Assets/Scenes/MATT-H~1/MATT-H~1/Assets/Art-01/Assets/Models/PINETR~3.MAX"
"Starting max loading and fbx conversion"
window = undefined
"Settings units"
"Before fbx export"
"After fbx export"
"Finished max loading and fbx conversion"
"C:/Users/Matthew/Desktop/KATTH-~1/KO_UNI~1/Assets/Scenes/MATT-H~1/MATT-H~1/Assets/Art-01/Assets/Models/Radio002.max"
"Starting max loading and fbx conversion"
window = undefined
"Settings units"
"Before fbx export"
"After fbx export"
"Finished max loading and fbx conversion"
"C:/Users/Matthew/Desktop/KATTH-~1/KO_UNI~1/Assets/Scenes/MATT-H~1/MATT-H~1/Assets/Art-01/Assets/Models/Gear002.max"
"Starting max loading and fbx conversion"
window = undefined
"Settings units"
"Before fbx export"
"After fbx export"
"Finished max loading and fbx conversion"
"C:/Users/Matthew/Desktop/KATTH-~1/KO_UNI~1/Assets/Scenes/MATT-H~1/MATT-H~1/Assets/Art-01/Assets/Models/PINETR~4.MAX"
"Starting max loading and fbx conversion"
window = undefined
"Settings units"
"Before fbx export"
"After fbx export"
"Finished max loading and fbx conversion"
"C:/Users/Matthew/Desktop/KATTH-~1/KO_UNI~1/Assets/Scenes/MATT-H~1/MATT-H~1/Assets/Art-01/Assets/Models/Rock002.max"
"Starting max loading and fbx conversion"
window = undefined
"Settings units"
"Before fbx export"
"After fbx export"
"Finished max loading and fbx conversion"
"C:/Users/Matthew/Desktop/KATTH-~1/KO_UNI~1/Assets/Scenes/MATT-H~1/MATT-H~1/Assets/Art-01/Assets/Models/PINETR~1.MAX"
"Starting max loading and fbx conversion"
window = undefined
"Settings units"
"Before fbx export"
"After fbx export"
"Finished max loading and fbx conversion"
"C:/Users/Matthew/Desktop/KATTH-~1/KO_UNI~1/Assets/Scenes/MATT-H~1/MATT-H~1/Assets/Art-01/Assets/Models/PINETR~2.MAX"
"Starting max loading and fbx conversion"
window = undefined
"Settings units"
"Before fbx export"
"After fbx export"
"Finished max loading and fbx conversion"
"C:/Users/Matthew/Desktop/KATTH-~1/KO_UNI~1/Assets/Scenes/MATT-H~1/MATT-H~1/Assets/Art-01/Assets/Models/TREE_N~1.MAX"
"Starting max loading and fbx conversion"
window = undefined
"Settings units"
"Before fbx export"
"After fbx export"
"Finished max loading and fbx conversion"
"C:/Users/Matthew/Desktop/KATTH-~1/KO_UNI~1/Assets/Scenes/MATT-H~1/MATT-H~1/Assets/Art-01/Assets/Models/Rock003.max"
"Starting max loading and fbx conversion"
window = undefined
"Settings units"
"Before fbx export"
"After fbx export"
"Finished max loading and fbx conversion"
"C:/Users/Matthew/Desktop/KATTH-~1/KO_UNI~1/Assets/Scenes/MATT-H~1/MATT-H~1/Assets/Art-01/Assets/Models/Rock004.max"
"Starting max loading and fbx conversion"
window = undefined
"Settings units"
"Before fbx export"
"After fbx export"
"Finished max loading and fbx conversion"
"C:/Users/Matthew/Desktop/KATTH-~1/KO_UNI~1/Assets/Scenes/MATT-H~1/MATT-H~1/Assets/Art-01/Assets/Models/GENERA~1.MAX"
"Starting max loading and fbx conversion"
window = undefined
"Settings units"
"Before fbx export"
"After fbx export"
"Finished max loading and fbx conversion"
"C:/Users/Matthew/Desktop/KATTH-~1/KO_UNI~1/Assets/Scenes/MATT-H~1/MATT-H~1/Assets/Art-01/Assets/Models/Rock001.max"
"Starting max loading and fbx conversion"
window = undefined
"Settings units"
"Before fbx export"
"After fbx export"
"Finished max loading and fbx conversion"
